#
# There is insufficient memory for the Java Runtime Environment to continue.
# Native memory allocation (mmap) failed to map 65536 bytes for Failed to commit metaspace.
# Possible reasons:
#   The system is out of physical RAM or swap space
#   The process is running with CompressedOops enabled, and the Java Heap may be blocking the growth of the native heap
# Possible solutions:
#   Reduce memory load on the system
#   Increase physical memory or swap space
#   Check if swap backing store is full
#   Decrease Java heap size (-Xmx/-Xms)
#   Decrease number of Java threads
#   Decrease Java thread stack sizes (-Xss)
#   Set larger code cache with -XX:ReservedCodeCacheSize=
#   JVM is running with Zero Based Compressed Oops mode in which the Java heap is
#     placed in the first 32GB address space. The Java Heap base address is the
#     maximum limit for the native heap growth. Please use -XX:HeapBaseMinAddress
#     to set the Java Heap base and to place the Java Heap above 32GB virtual address.
# This output file may be truncated or incomplete.
#
#  Out of Memory Error (virtualSpaceNode.cpp:110), pid=33072, tid=39160
#
# JRE version: OpenJDK Runtime Environment (17.0.1+12) (build 17.0.1+12-39)
# Java VM: OpenJDK 64-Bit Server VM (17.0.1+12-39, mixed mode, emulated-client, sharing, tiered, compressed oops, compressed class ptrs, g1 gc, windows-amd64)
# No core dump will be written. Minidumps are not enabled by default on client versions of Windows
#

---------------  S U M M A R Y ------------

Command Line: -XX:TieredStopAtLevel=1 -Xverify:none -Dspring.output.ansi.enabled=always -javaagent:C:\Program Files\JetBrains\IntelliJ IDEA 2020.3.3\lib\idea_rt.jar=56069:C:\Program Files\JetBrains\IntelliJ IDEA 2020.3.3\bin -Dcom.sun.management.jmxremote -Dspring.jmx.enabled=true -Dspring.liveBeansView.mbeanDomain -Dspring.application.admin.enabled=true -Dfile.encoding=UTF-8 com.ushwamala.customer.CustomerApplication

Host: Intel(R) Core(TM) i7-10510U CPU @ 1.80GHz, 8 cores, 15G,  Windows 10 , 64 bit Build 22000 (10.0.22000.434)
Time: Mon Feb  7 21:08:51 2022 W. Europe Standard Time elapsed time: 1.331154 seconds (0d 0h 0m 1s)

---------------  T H R E A D  ---------------

Current thread (0x0000020a1ac2ce90):  JavaThread "background-preinit" [_thread_in_vm, id=39160, stack(0x0000003e84d00000,0x0000003e84e00000)]

Stack: [0x0000003e84d00000,0x0000003e84e00000]
Native frames: (J=compiled Java code, j=interpreted, Vv=VM code, C=native code)
V  [jvm.dll+0x66fa1a]
V  [jvm.dll+0x7ce5a4]
V  [jvm.dll+0x7cfd4e]
V  [jvm.dll+0x7d03b3]
V  [jvm.dll+0x242b05]
V  [jvm.dll+0x7ca54b]
V  [jvm.dll+0x615b76]
V  [jvm.dll+0x1be19e]
V  [jvm.dll+0x6184b1]
V  [jvm.dll+0x616516]
V  [jvm.dll+0x2405cc]
V  [jvm.dll+0x6c5edd]
V  [jvm.dll+0x6c690f]
V  [jvm.dll+0x36c1c3]
V  [jvm.dll+0x36b382]
V  [jvm.dll+0x36b328]
V  [jvm.dll+0x55781f]
V  [jvm.dll+0x5578c8]
V  [jvm.dll+0x37ebce]
V  [jvm.dll+0x37e672]
C  0x0000020a0a5a7b5e

Java frames: (J=compiled Java code, j=interpreted, Vv=VM code)
j  com.fasterxml.jackson.datatype.jsr310.JavaTimeModule.<init>()V+366
v  ~StubRoutines::call_stub
J 1770  jdk.internal.reflect.NativeConstructorAccessorImpl.newInstance0(Ljava/lang/reflect/Constructor;[Ljava/lang/Object;)Ljava/lang/Object; java.base@17.0.1 (0 bytes) @ 0x0000020a0aad370e [0x0000020a0aad36a0+0x000000000000006e]
J 1769 c1 jdk.internal.reflect.NativeConstructorAccessorImpl.newInstance([Ljava/lang/Object;)Ljava/lang/Object; java.base@17.0.1 (122 bytes) @ 0x0000020a0aad3eec [0x0000020a0aad3c00+0x00000000000002ec]
J 1556 c1 jdk.internal.reflect.DelegatingConstructorAccessorImpl.newInstance([Ljava/lang/Object;)Ljava/lang/Object; java.base@17.0.1 (9 bytes) @ 0x0000020a0aa858e4 [0x0000020a0aa858a0+0x0000000000000044]
J 1550 c1 java.lang.reflect.Constructor.newInstanceWithCaller([Ljava/lang/Object;ZLjava/lang/Class;)Ljava/lang/Object; java.base@17.0.1 (75 bytes) @ 0x0000020a0aa841b4 [0x0000020a0aa840e0+0x00000000000000d4]
J 1688 c1 java.lang.reflect.Constructor.newInstance([Ljava/lang/Object;)Ljava/lang/Object; java.base@17.0.1 (34 bytes) @ 0x0000020a0aab65cc [0x0000020a0aab6540+0x000000000000008c]
j  org.springframework.beans.BeanUtils.instantiateClass(Ljava/lang/reflect/Constructor;[Ljava/lang/Object;)Ljava/lang/Object;+128
j  org.springframework.beans.BeanUtils.instantiateClass(Ljava/lang/Class;)Ljava/lang/Object;+36
j  org.springframework.http.converter.json.Jackson2ObjectMapperBuilder.registerWellKnownModulesIfAvailable(Lorg/springframework/util/MultiValueMap;)V+44
j  org.springframework.http.converter.json.Jackson2ObjectMapperBuilder.configure(Lcom/fasterxml/jackson/databind/ObjectMapper;)V+52
j  org.springframework.http.converter.json.Jackson2ObjectMapperBuilder.build()Lcom/fasterxml/jackson/databind/ObjectMapper;+89
j  org.springframework.http.converter.json.MappingJackson2HttpMessageConverter.<init>()V+4
j  org.springframework.http.converter.support.AllEncompassingFormHttpMessageConverter.<init>()V+59
j  org.springframework.boot.autoconfigure.BackgroundPreinitializer$MessageConverterInitializer.run()V+4
j  org.springframework.boot.autoconfigure.BackgroundPreinitializer$1.runSafely(Ljava/lang/Runnable;)V+1
j  org.springframework.boot.autoconfigure.BackgroundPreinitializer$1.run()V+33
j  java.lang.Thread.run()V+11 java.base@17.0.1
v  ~StubRoutines::call_stub

---------------  P R O C E S S  ---------------

Threads class SMR info:
_java_thread_list=0x0000020a1ac2d7d0, length=17, elements={
0x0000020a02da0aa0, 0x0000020a197640d0, 0x0000020a197656e0, 0x0000020a197784f0,
0x0000020a1977bec0, 0x0000020a1977e020, 0x0000020a1977f170, 0x0000020a1978daa0,
0x0000020a197927b0, 0x0000020a1974d540, 0x0000020a1a1df490, 0x0000020a1a1dfb80,
0x0000020a1a4fc040, 0x0000020a1a4fc920, 0x0000020a1a78cc90, 0x0000020a1a999dd0,
0x0000020a1ac2ce90
}

Java Threads: ( => current thread )
  0x0000020a02da0aa0 JavaThread "main" [_thread_in_vm, id=27044, stack(0x0000003e82d00000,0x0000003e82e00000)]
  0x0000020a197640d0 JavaThread "Reference Handler" daemon [_thread_blocked, id=26136, stack(0x0000003e83400000,0x0000003e83500000)]
  0x0000020a197656e0 JavaThread "Finalizer" daemon [_thread_blocked, id=29736, stack(0x0000003e83500000,0x0000003e83600000)]
  0x0000020a197784f0 JavaThread "Signal Dispatcher" daemon [_thread_blocked, id=9328, stack(0x0000003e83600000,0x0000003e83700000)]
  0x0000020a1977bec0 JavaThread "Attach Listener" daemon [_thread_blocked, id=5024, stack(0x0000003e83700000,0x0000003e83800000)]
  0x0000020a1977e020 JavaThread "Service Thread" daemon [_thread_blocked, id=34052, stack(0x0000003e83800000,0x0000003e83900000)]
  0x0000020a1977f170 JavaThread "Monitor Deflation Thread" daemon [_thread_blocked, id=37332, stack(0x0000003e83900000,0x0000003e83a00000)]
  0x0000020a1978daa0 JavaThread "C1 CompilerThread0" daemon [_thread_blocked, id=32556, stack(0x0000003e83a00000,0x0000003e83b00000)]
  0x0000020a197927b0 JavaThread "Sweeper thread" daemon [_thread_blocked, id=24536, stack(0x0000003e83b00000,0x0000003e83c00000)]
  0x0000020a1974d540 JavaThread "Common-Cleaner" daemon [_thread_blocked, id=40036, stack(0x0000003e83c00000,0x0000003e83d00000)]
  0x0000020a1a1df490 JavaThread "C1 CompilerThread1" daemon [_thread_blocked, id=18040, stack(0x0000003e83d00000,0x0000003e83e00000)]
  0x0000020a1a1dfb80 JavaThread "C1 CompilerThread2" daemon [_thread_blocked, id=34996, stack(0x0000003e83e00000,0x0000003e83f00000)]
  0x0000020a1a4fc040 JavaThread "Monitor Ctrl-Break" daemon [_thread_in_native, id=1464, stack(0x0000003e83f00000,0x0000003e84000000)]
  0x0000020a1a4fc920 JavaThread "Notification Thread" daemon [_thread_blocked, id=38964, stack(0x0000003e84000000,0x0000003e84100000)]
  0x0000020a1a78cc90 JavaThread "RMI TCP Accept-0" daemon [_thread_in_vm, id=13320, stack(0x0000003e84100000,0x0000003e84200000)]
  0x0000020a1a999dd0 JavaThread "C1 CompilerThread3" daemon [_thread_blocked, id=28708, stack(0x0000003e84300000,0x0000003e84400000)]
=>0x0000020a1ac2ce90 JavaThread "background-preinit" [_thread_in_vm, id=39160, stack(0x0000003e84d00000,0x0000003e84e00000)]

Other Threads:
  0x0000020a1975d930 VMThread "VM Thread" [stack: 0x0000003e83300000,0x0000003e83400000] [id=15912]
  0x0000020a1a78a160 WatcherThread [stack: 0x0000003e84200000,0x0000003e84300000] [id=20568]
  0x0000020a02defb60 GCTaskThread "GC Thread#0" [stack: 0x0000003e82e00000,0x0000003e82f00000] [id=22796]
  0x0000020a1aa48a80 GCTaskThread "GC Thread#1" [stack: 0x0000003e84400000,0x0000003e84500000] [id=7764]
  0x0000020a1aa6e720 GCTaskThread "GC Thread#2" [stack: 0x0000003e84500000,0x0000003e84600000] [id=33796]
  0x0000020a1aa6ede0 GCTaskThread "GC Thread#3" [stack: 0x0000003e84600000,0x0000003e84700000] [id=41808]
  0x0000020a1aa88e60 GCTaskThread "GC Thread#4" [stack: 0x0000003e84700000,0x0000003e84800000] [id=11436]
  0x0000020a1aaab370 GCTaskThread "GC Thread#5" [stack: 0x0000003e84800000,0x0000003e84900000] [id=26456]
  0x0000020a1aac61d0 GCTaskThread "GC Thread#6" [stack: 0x0000003e84900000,0x0000003e84a00000] [id=16196]
  0x0000020a1aac6480 GCTaskThread "GC Thread#7" [stack: 0x0000003e84a00000,0x0000003e84b00000] [id=25968]
  0x0000020a02e02040 ConcurrentGCThread "G1 Main Marker" [stack: 0x0000003e82f00000,0x0000003e83000000] [id=34632]
  0x0000020a02e02a50 ConcurrentGCThread "G1 Conc#0" [stack: 0x0000003e83000000,0x0000003e83100000] [id=28128]
  0x0000020a02e6e640 ConcurrentGCThread "G1 Refine#0" [stack: 0x0000003e83100000,0x0000003e83200000] [id=28408]
  0x0000020a1aacb070 ConcurrentGCThread "G1 Refine#1" [stack: 0x0000003e84b00000,0x0000003e84c00000] [id=36896]
  0x0000020a1aacb840 ConcurrentGCThread "G1 Refine#2" [stack: 0x0000003e84c00000,0x0000003e84d00000] [id=40644]
  0x0000020a1961a260 ConcurrentGCThread "G1 Service" [stack: 0x0000003e83200000,0x0000003e83300000] [id=13196]

Threads with active compile tasks:

VM state: not at safepoint (normal execution)

VM Mutex/Monitor currently owned by a thread:  ([mutex/lock_event])
[0x0000020a02d9b7a0] Metaspace_lock - owner thread: 0x0000020a1ac2ce90

Heap address: 0x0000000702800000, size: 4056 MB, Compressed Oops mode: Zero based, Oop shift amount: 3

CDS archive(s) mapped at: [0x0000000800000000-0x0000000800bc0000-0x0000000800bc0000), size 12320768, SharedBaseAddress: 0x0000000800000000, ArchiveRelocationMode: 0.
Compressed class space mapped at: 0x0000000800c00000-0x0000000840c00000, reserved size: 1073741824
Narrow klass base: 0x0000000800000000, Narrow klass shift: 0, Narrow klass range: 0x100000000

GC Precious Log:
 CPUs: 8 total, 8 available
 Memory: 16219M
 Large Page Support: Disabled
 NUMA Support: Disabled
 Compressed Oops: Enabled (Zero based)
 Heap Region Size: 2M
 Heap Min Capacity: 8M
 Heap Initial Capacity: 254M
 Heap Max Capacity: 4056M
 Pre-touch: Disabled
 Parallel Workers: 8
 Concurrent Workers: 2
 Concurrent Refinement Workers: 8
 Periodic GC: Disabled

Heap:
 garbage-first heap   total 260096K, used 25639K [0x0000000702800000, 0x0000000800000000)
  region size 2048K, 10 young (20480K), 1 survivors (2048K)
 Metaspace       used 13835K, committed 14016K, reserved 1064960K
  class space    used 1833K, committed 1920K, reserved 1048576K

Heap Regions: E=young(eden), S=young(survivor), O=old, HS=humongous(starts), HC=humongous(continues), CS=collection set, F=free, OA=open archive, CA=closed archive, TAMS=top-at-mark-start (previous, next)
|   0|0x0000000702800000, 0x0000000702a00000, 0x0000000702a00000|100%| O|  |TAMS 0x0000000702800000, 0x0000000702800000| Untracked 
|   1|0x0000000702a00000, 0x0000000702c00000, 0x0000000702c00000|100%| O|  |TAMS 0x0000000702a00000, 0x0000000702a00000| Untracked 
|   2|0x0000000702c00000, 0x0000000702e00000, 0x0000000702e00000|100%| O|  |TAMS 0x0000000702c00000, 0x0000000702c00000| Untracked 
|   3|0x0000000702e00000, 0x0000000702f32400, 0x0000000703000000| 59%| O|  |TAMS 0x0000000702e00000, 0x0000000702e00000| Untracked 
|   4|0x0000000703000000, 0x0000000703000000, 0x0000000703200000|  0%| F|  |TAMS 0x0000000703000000, 0x0000000703000000| Untracked 
|   5|0x0000000703200000, 0x0000000703200000, 0x0000000703400000|  0%| F|  |TAMS 0x0000000703200000, 0x0000000703200000| Untracked 
|   6|0x0000000703400000, 0x0000000703400000, 0x0000000703600000|  0%| F|  |TAMS 0x0000000703400000, 0x0000000703400000| Untracked 
|   7|0x0000000703600000, 0x0000000703600000, 0x0000000703800000|  0%| F|  |TAMS 0x0000000703600000, 0x0000000703600000| Untracked 
|   8|0x0000000703800000, 0x0000000703800000, 0x0000000703a00000|  0%| F|  |TAMS 0x0000000703800000, 0x0000000703800000| Untracked 
|   9|0x0000000703a00000, 0x0000000703a00000, 0x0000000703c00000|  0%| F|  |TAMS 0x0000000703a00000, 0x0000000703a00000| Untracked 
|  10|0x0000000703c00000, 0x0000000703c00000, 0x0000000703e00000|  0%| F|  |TAMS 0x0000000703c00000, 0x0000000703c00000| Untracked 
|  11|0x0000000703e00000, 0x0000000703e00000, 0x0000000704000000|  0%| F|  |TAMS 0x0000000703e00000, 0x0000000703e00000| Untracked 
|  12|0x0000000704000000, 0x0000000704000000, 0x0000000704200000|  0%| F|  |TAMS 0x0000000704000000, 0x0000000704000000| Untracked 
|  13|0x0000000704200000, 0x0000000704200000, 0x0000000704400000|  0%| F|  |TAMS 0x0000000704200000, 0x0000000704200000| Untracked 
|  14|0x0000000704400000, 0x0000000704400000, 0x0000000704600000|  0%| F|  |TAMS 0x0000000704400000, 0x0000000704400000| Untracked 
|  15|0x0000000704600000, 0x0000000704600000, 0x0000000704800000|  0%| F|  |TAMS 0x0000000704600000, 0x0000000704600000| Untracked 
|  16|0x0000000704800000, 0x0000000704800000, 0x0000000704a00000|  0%| F|  |TAMS 0x0000000704800000, 0x0000000704800000| Untracked 
|  17|0x0000000704a00000, 0x0000000704a00000, 0x0000000704c00000|  0%| F|  |TAMS 0x0000000704a00000, 0x0000000704a00000| Untracked 
|  18|0x0000000704c00000, 0x0000000704c00000, 0x0000000704e00000|  0%| F|  |TAMS 0x0000000704c00000, 0x0000000704c00000| Untracked 
|  19|0x0000000704e00000, 0x0000000704e00000, 0x0000000705000000|  0%| F|  |TAMS 0x0000000704e00000, 0x0000000704e00000| Untracked 
|  20|0x0000000705000000, 0x0000000705000000, 0x0000000705200000|  0%| F|  |TAMS 0x0000000705000000, 0x0000000705000000| Untracked 
|  21|0x0000000705200000, 0x0000000705200000, 0x0000000705400000|  0%| F|  |TAMS 0x0000000705200000, 0x0000000705200000| Untracked 
|  22|0x0000000705400000, 0x0000000705400000, 0x0000000705600000|  0%| F|  |TAMS 0x0000000705400000, 0x0000000705400000| Untracked 
|  23|0x0000000705600000, 0x0000000705600000, 0x0000000705800000|  0%| F|  |TAMS 0x0000000705600000, 0x0000000705600000| Untracked 
|  24|0x0000000705800000, 0x0000000705800000, 0x0000000705a00000|  0%| F|  |TAMS 0x0000000705800000, 0x0000000705800000| Untracked 
|  25|0x0000000705a00000, 0x0000000705a00000, 0x0000000705c00000|  0%| F|  |TAMS 0x0000000705a00000, 0x0000000705a00000| Untracked 
|  26|0x0000000705c00000, 0x0000000705c00000, 0x0000000705e00000|  0%| F|  |TAMS 0x0000000705c00000, 0x0000000705c00000| Untracked 
|  27|0x0000000705e00000, 0x0000000705e00000, 0x0000000706000000|  0%| F|  |TAMS 0x0000000705e00000, 0x0000000705e00000| Untracked 
|  28|0x0000000706000000, 0x0000000706000000, 0x0000000706200000|  0%| F|  |TAMS 0x0000000706000000, 0x0000000706000000| Untracked 
|  29|0x0000000706200000, 0x0000000706200000, 0x0000000706400000|  0%| F|  |TAMS 0x0000000706200000, 0x0000000706200000| Untracked 
|  30|0x0000000706400000, 0x0000000706400000, 0x0000000706600000|  0%| F|  |TAMS 0x0000000706400000, 0x0000000706400000| Untracked 
|  31|0x0000000706600000, 0x0000000706600000, 0x0000000706800000|  0%| F|  |TAMS 0x0000000706600000, 0x0000000706600000| Untracked 
|  32|0x0000000706800000, 0x0000000706800000, 0x0000000706a00000|  0%| F|  |TAMS 0x0000000706800000, 0x0000000706800000| Untracked 
|  33|0x0000000706a00000, 0x0000000706a00000, 0x0000000706c00000|  0%| F|  |TAMS 0x0000000706a00000, 0x0000000706a00000| Untracked 
|  34|0x0000000706c00000, 0x0000000706c00000, 0x0000000706e00000|  0%| F|  |TAMS 0x0000000706c00000, 0x0000000706c00000| Untracked 
|  35|0x0000000706e00000, 0x0000000706e00000, 0x0000000707000000|  0%| F|  |TAMS 0x0000000706e00000, 0x0000000706e00000| Untracked 
|  36|0x0000000707000000, 0x0000000707000000, 0x0000000707200000|  0%| F|  |TAMS 0x0000000707000000, 0x0000000707000000| Untracked 
|  37|0x0000000707200000, 0x0000000707200000, 0x0000000707400000|  0%| F|  |TAMS 0x0000000707200000, 0x0000000707200000| Untracked 
|  38|0x0000000707400000, 0x0000000707400000, 0x0000000707600000|  0%| F|  |TAMS 0x0000000707400000, 0x0000000707400000| Untracked 
|  39|0x0000000707600000, 0x0000000707600000, 0x0000000707800000|  0%| F|  |TAMS 0x0000000707600000, 0x0000000707600000| Untracked 
|  40|0x0000000707800000, 0x0000000707800000, 0x0000000707a00000|  0%| F|  |TAMS 0x0000000707800000, 0x0000000707800000| Untracked 
|  41|0x0000000707a00000, 0x0000000707a00000, 0x0000000707c00000|  0%| F|  |TAMS 0x0000000707a00000, 0x0000000707a00000| Untracked 
|  42|0x0000000707c00000, 0x0000000707c00000, 0x0000000707e00000|  0%| F|  |TAMS 0x0000000707c00000, 0x0000000707c00000| Untracked 
|  43|0x0000000707e00000, 0x0000000707e00000, 0x0000000708000000|  0%| F|  |TAMS 0x0000000707e00000, 0x0000000707e00000| Untracked 
|  44|0x0000000708000000, 0x0000000708000000, 0x0000000708200000|  0%| F|  |TAMS 0x0000000708000000, 0x0000000708000000| Untracked 
|  45|0x0000000708200000, 0x0000000708200000, 0x0000000708400000|  0%| F|  |TAMS 0x0000000708200000, 0x0000000708200000| Untracked 
|  46|0x0000000708400000, 0x0000000708400000, 0x0000000708600000|  0%| F|  |TAMS 0x0000000708400000, 0x0000000708400000| Untracked 
|  47|0x0000000708600000, 0x0000000708600000, 0x0000000708800000|  0%| F|  |TAMS 0x0000000708600000, 0x0000000708600000| Untracked 
|  48|0x0000000708800000, 0x0000000708800000, 0x0000000708a00000|  0%| F|  |TAMS 0x0000000708800000, 0x0000000708800000| Untracked 
|  49|0x0000000708a00000, 0x0000000708a00000, 0x0000000708c00000|  0%| F|  |TAMS 0x0000000708a00000, 0x0000000708a00000| Untracked 
|  50|0x0000000708c00000, 0x0000000708c00000, 0x0000000708e00000|  0%| F|  |TAMS 0x0000000708c00000, 0x0000000708c00000| Untracked 
|  51|0x0000000708e00000, 0x0000000708e00000, 0x0000000709000000|  0%| F|  |TAMS 0x0000000708e00000, 0x0000000708e00000| Untracked 
|  52|0x0000000709000000, 0x0000000709000000, 0x0000000709200000|  0%| F|  |TAMS 0x0000000709000000, 0x0000000709000000| Untracked 
|  53|0x0000000709200000, 0x0000000709200000, 0x0000000709400000|  0%| F|  |TAMS 0x0000000709200000, 0x0000000709200000| Untracked 
|  54|0x0000000709400000, 0x0000000709400000, 0x0000000709600000|  0%| F|  |TAMS 0x0000000709400000, 0x0000000709400000| Untracked 
|  55|0x0000000709600000, 0x0000000709600000, 0x0000000709800000|  0%| F|  |TAMS 0x0000000709600000, 0x0000000709600000| Untracked 
|  56|0x0000000709800000, 0x0000000709800000, 0x0000000709a00000|  0%| F|  |TAMS 0x0000000709800000, 0x0000000709800000| Untracked 
|  57|0x0000000709a00000, 0x0000000709a00000, 0x0000000709c00000|  0%| F|  |TAMS 0x0000000709a00000, 0x0000000709a00000| Untracked 
|  58|0x0000000709c00000, 0x0000000709c00000, 0x0000000709e00000|  0%| F|  |TAMS 0x0000000709c00000, 0x0000000709c00000| Untracked 
|  59|0x0000000709e00000, 0x0000000709e00000, 0x000000070a000000|  0%| F|  |TAMS 0x0000000709e00000, 0x0000000709e00000| Untracked 
|  60|0x000000070a000000, 0x000000070a000000, 0x000000070a200000|  0%| F|  |TAMS 0x000000070a000000, 0x000000070a000000| Untracked 
|  61|0x000000070a200000, 0x000000070a200000, 0x000000070a400000|  0%| F|  |TAMS 0x000000070a200000, 0x000000070a200000| Untracked 
|  62|0x000000070a400000, 0x000000070a400000, 0x000000070a600000|  0%| F|  |TAMS 0x000000070a400000, 0x000000070a400000| Untracked 
|  63|0x000000070a600000, 0x000000070a600000, 0x000000070a800000|  0%| F|  |TAMS 0x000000070a600000, 0x000000070a600000| Untracked 
|  64|0x000000070a800000, 0x000000070a800000, 0x000000070aa00000|  0%| F|  |TAMS 0x000000070a800000, 0x000000070a800000| Untracked 
|  65|0x000000070aa00000, 0x000000070aa00000, 0x000000070ac00000|  0%| F|  |TAMS 0x000000070aa00000, 0x000000070aa00000| Untracked 
|  66|0x000000070ac00000, 0x000000070ac00000, 0x000000070ae00000|  0%| F|  |TAMS 0x000000070ac00000, 0x000000070ac00000| Untracked 
|  67|0x000000070ae00000, 0x000000070ae00000, 0x000000070b000000|  0%| F|  |TAMS 0x000000070ae00000, 0x000000070ae00000| Untracked 
|  68|0x000000070b000000, 0x000000070b000000, 0x000000070b200000|  0%| F|  |TAMS 0x000000070b000000, 0x000000070b000000| Untracked 
|  69|0x000000070b200000, 0x000000070b200000, 0x000000070b400000|  0%| F|  |TAMS 0x000000070b200000, 0x000000070b200000| Untracked 
|  70|0x000000070b400000, 0x000000070b400000, 0x000000070b600000|  0%| F|  |TAMS 0x000000070b400000, 0x000000070b400000| Untracked 
|  71|0x000000070b600000, 0x000000070b600000, 0x000000070b800000|  0%| F|  |TAMS 0x000000070b600000, 0x000000070b600000| Untracked 
|  72|0x000000070b800000, 0x000000070b800000, 0x000000070ba00000|  0%| F|  |TAMS 0x000000070b800000, 0x000000070b800000| Untracked 
|  73|0x000000070ba00000, 0x000000070ba00000, 0x000000070bc00000|  0%| F|  |TAMS 0x000000070ba00000, 0x000000070ba00000| Untracked 
|  74|0x000000070bc00000, 0x000000070bc00000, 0x000000070be00000|  0%| F|  |TAMS 0x000000070bc00000, 0x000000070bc00000| Untracked 
|  75|0x000000070be00000, 0x000000070be00000, 0x000000070c000000|  0%| F|  |TAMS 0x000000070be00000, 0x000000070be00000| Untracked 
|  76|0x000000070c000000, 0x000000070c000000, 0x000000070c200000|  0%| F|  |TAMS 0x000000070c000000, 0x000000070c000000| Untracked 
|  77|0x000000070c200000, 0x000000070c200000, 0x000000070c400000|  0%| F|  |TAMS 0x000000070c200000, 0x000000070c200000| Untracked 
|  78|0x000000070c400000, 0x000000070c400000, 0x000000070c600000|  0%| F|  |TAMS 0x000000070c400000, 0x000000070c400000| Untracked 
|  79|0x000000070c600000, 0x000000070c600000, 0x000000070c800000|  0%| F|  |TAMS 0x000000070c600000, 0x000000070c600000| Untracked 
|  80|0x000000070c800000, 0x000000070c800000, 0x000000070ca00000|  0%| F|  |TAMS 0x000000070c800000, 0x000000070c800000| Untracked 
|  81|0x000000070ca00000, 0x000000070ca00000, 0x000000070cc00000|  0%| F|  |TAMS 0x000000070ca00000, 0x000000070ca00000| Untracked 
|  82|0x000000070cc00000, 0x000000070cc00000, 0x000000070ce00000|  0%| F|  |TAMS 0x000000070cc00000, 0x000000070cc00000| Untracked 
|  83|0x000000070ce00000, 0x000000070ce00000, 0x000000070d000000|  0%| F|  |TAMS 0x000000070ce00000, 0x000000070ce00000| Untracked 
|  84|0x000000070d000000, 0x000000070d000000, 0x000000070d200000|  0%| F|  |TAMS 0x000000070d000000, 0x000000070d000000| Untracked 
|  85|0x000000070d200000, 0x000000070d200000, 0x000000070d400000|  0%| F|  |TAMS 0x000000070d200000, 0x000000070d200000| Untracked 
|  86|0x000000070d400000, 0x000000070d400000, 0x000000070d600000|  0%| F|  |TAMS 0x000000070d400000, 0x000000070d400000| Untracked 
|  87|0x000000070d600000, 0x000000070d600000, 0x000000070d800000|  0%| F|  |TAMS 0x000000070d600000, 0x000000070d600000| Untracked 
|  88|0x000000070d800000, 0x000000070d800000, 0x000000070da00000|  0%| F|  |TAMS 0x000000070d800000, 0x000000070d800000| Untracked 
|  89|0x000000070da00000, 0x000000070da00000, 0x000000070dc00000|  0%| F|  |TAMS 0x000000070da00000, 0x000000070da00000| Untracked 
|  90|0x000000070dc00000, 0x000000070dc00000, 0x000000070de00000|  0%| F|  |TAMS 0x000000070dc00000, 0x000000070dc00000| Untracked 
|  91|0x000000070de00000, 0x000000070de00000, 0x000000070e000000|  0%| F|  |TAMS 0x000000070de00000, 0x000000070de00000| Untracked 
|  92|0x000000070e000000, 0x000000070e000000, 0x000000070e200000|  0%| F|  |TAMS 0x000000070e000000, 0x000000070e000000| Untracked 
|  93|0x000000070e200000, 0x000000070e200000, 0x000000070e400000|  0%| F|  |TAMS 0x000000070e200000, 0x000000070e200000| Untracked 
|  94|0x000000070e400000, 0x000000070e400000, 0x000000070e600000|  0%| F|  |TAMS 0x000000070e400000, 0x000000070e400000| Untracked 
|  95|0x000000070e600000, 0x000000070e600000, 0x000000070e800000|  0%| F|  |TAMS 0x000000070e600000, 0x000000070e600000| Untracked 
|  96|0x000000070e800000, 0x000000070e800000, 0x000000070ea00000|  0%| F|  |TAMS 0x000000070e800000, 0x000000070e800000| Untracked 
|  97|0x000000070ea00000, 0x000000070ea00000, 0x000000070ec00000|  0%| F|  |TAMS 0x000000070ea00000, 0x000000070ea00000| Untracked 
|  98|0x000000070ec00000, 0x000000070ec00000, 0x000000070ee00000|  0%| F|  |TAMS 0x000000070ec00000, 0x000000070ec00000| Untracked 
|  99|0x000000070ee00000, 0x000000070ee00000, 0x000000070f000000|  0%| F|  |TAMS 0x000000070ee00000, 0x000000070ee00000| Untracked 
| 100|0x000000070f000000, 0x000000070f000000, 0x000000070f200000|  0%| F|  |TAMS 0x000000070f000000, 0x000000070f000000| Untracked 
| 101|0x000000070f200000, 0x000000070f200000, 0x000000070f400000|  0%| F|  |TAMS 0x000000070f200000, 0x000000070f200000| Untracked 
| 102|0x000000070f400000, 0x000000070f400000, 0x000000070f600000|  0%| F|  |TAMS 0x000000070f400000, 0x000000070f400000| Untracked 
| 103|0x000000070f600000, 0x000000070f600000, 0x000000070f800000|  0%| F|  |TAMS 0x000000070f600000, 0x000000070f600000| Untracked 
| 104|0x000000070f800000, 0x000000070f800000, 0x000000070fa00000|  0%| F|  |TAMS 0x000000070f800000, 0x000000070f800000| Untracked 
| 105|0x000000070fa00000, 0x000000070fa00000, 0x000000070fc00000|  0%| F|  |TAMS 0x000000070fa00000, 0x000000070fa00000| Untracked 
| 106|0x000000070fc00000, 0x000000070fc00000, 0x000000070fe00000|  0%| F|  |TAMS 0x000000070fc00000, 0x000000070fc00000| Untracked 
| 107|0x000000070fe00000, 0x000000070fe00000, 0x0000000710000000|  0%| F|  |TAMS 0x000000070fe00000, 0x000000070fe00000| Untracked 
| 108|0x0000000710000000, 0x0000000710000000, 0x0000000710200000|  0%| F|  |TAMS 0x0000000710000000, 0x0000000710000000| Untracked 
| 109|0x0000000710200000, 0x0000000710200000, 0x0000000710400000|  0%| F|  |TAMS 0x0000000710200000, 0x0000000710200000| Untracked 
| 110|0x0000000710400000, 0x0000000710400000, 0x0000000710600000|  0%| F|  |TAMS 0x0000000710400000, 0x0000000710400000| Untracked 
| 111|0x0000000710600000, 0x0000000710600000, 0x0000000710800000|  0%| F|  |TAMS 0x0000000710600000, 0x0000000710600000| Untracked 
| 112|0x0000000710800000, 0x0000000710800000, 0x0000000710a00000|  0%| F|  |TAMS 0x0000000710800000, 0x0000000710800000| Untracked 
| 113|0x0000000710a00000, 0x0000000710a00000, 0x0000000710c00000|  0%| F|  |TAMS 0x0000000710a00000, 0x0000000710a00000| Untracked 
| 114|0x0000000710c00000, 0x0000000710c00000, 0x0000000710e00000|  0%| F|  |TAMS 0x0000000710c00000, 0x0000000710c00000| Untracked 
| 115|0x0000000710e00000, 0x0000000710e00000, 0x0000000711000000|  0%| F|  |TAMS 0x0000000710e00000, 0x0000000710e00000| Untracked 
| 116|0x0000000711000000, 0x0000000711000000, 0x0000000711200000|  0%| F|  |TAMS 0x0000000711000000, 0x0000000711000000| Untracked 
| 117|0x0000000711200000, 0x00000007113d7b40, 0x0000000711400000| 92%| S|CS|TAMS 0x0000000711200000, 0x0000000711200000| Complete 
| 118|0x0000000711400000, 0x000000071159c678, 0x0000000711600000| 80%| E|  |TAMS 0x0000000711400000, 0x0000000711400000| Complete 
| 119|0x0000000711600000, 0x0000000711800000, 0x0000000711800000|100%| E|CS|TAMS 0x0000000711600000, 0x0000000711600000| Complete 
| 120|0x0000000711800000, 0x0000000711a00000, 0x0000000711a00000|100%| E|CS|TAMS 0x0000000711800000, 0x0000000711800000| Complete 
| 121|0x0000000711a00000, 0x0000000711c00000, 0x0000000711c00000|100%| E|CS|TAMS 0x0000000711a00000, 0x0000000711a00000| Complete 
| 122|0x0000000711c00000, 0x0000000711e00000, 0x0000000711e00000|100%| E|CS|TAMS 0x0000000711c00000, 0x0000000711c00000| Complete 
| 123|0x0000000711e00000, 0x0000000712000000, 0x0000000712000000|100%| E|CS|TAMS 0x0000000711e00000, 0x0000000711e00000| Complete 
| 124|0x0000000712000000, 0x0000000712200000, 0x0000000712200000|100%| E|CS|TAMS 0x0000000712000000, 0x0000000712000000| Complete 
| 125|0x0000000712200000, 0x0000000712400000, 0x0000000712400000|100%| E|CS|TAMS 0x0000000712200000, 0x0000000712200000| Complete 
| 126|0x0000000712400000, 0x0000000712600000, 0x0000000712600000|100%| E|CS|TAMS 0x0000000712400000, 0x0000000712400000| Complete 

Card table byte_map: [0x0000020a0de90000,0x0000020a0e680000] _byte_map_base: 0x0000020a0a67c000

Marking Bits (Prev, Next): (CMBitMap*) 0x0000020a02df0170, (CMBitMap*) 0x0000020a02df01b0
 Prev Bits: [0x0000020a0ee70000, 0x0000020a12dd0000)
 Next Bits: [0x0000020a12dd0000, 0x0000020a16d30000)

Polling page: 0x0000020a00d10000

Metaspace:

Usage:
  Non-class:     11.74 MB used.
      Class:      1.80 MB used.
       Both:     13.54 MB used.

Virtual space:
  Non-class space:       16.00 MB reserved,      11.81 MB ( 74%) committed,  2 nodes.
      Class space:        1.00 GB reserved,       1.88 MB ( <1%) committed,  1 nodes.
             Both:        1.02 GB reserved,      13.69 MB (  1%) committed. 

Chunk freelists:
   Non-Class:  176.00 KB
       Class:  2.13 MB
        Both:  2.30 MB

MaxMetaspaceSize: unlimited
CompressedClassSpaceSize: 1.00 GB
Initial GC threshold: 21.00 MB
Current GC threshold: 21.00 MB
CDS: on
MetaspaceReclaimPolicy: balanced
 - commit_granule_bytes: 65536.
 - commit_granule_words: 8192.
 - virtual_space_node_default_size: 1048576.
 - enlarge_chunks_in_place: 1.
 - new_chunks_are_fully_committed: 0.
 - uncommit_free_chunks: 1.
 - use_allocation_guard: 0.
 - handle_deallocations: 1.


Internal statistics:

num_allocs_failed_limit: 0.
num_arena_births: 208.
num_arena_deaths: 0.
num_vsnodes_births: 3.
num_vsnodes_deaths: 0.
num_space_committed: 219.
num_space_uncommitted: 0.
num_chunks_returned_to_freelist: 0.
num_chunks_taken_from_freelist: 590.
num_chunk_merges: 0.
num_chunk_splits: 395.
num_chunks_enlarged: 300.
num_purges: 0.
num_inconsistent_stats: 0.

CodeCache: size=49152Kb used=5824Kb max_used=5824Kb free=43327Kb
 bounds [0x0000020a0a590000, 0x0000020a0ab50000, 0x0000020a0d590000]
 total_blobs=2474 nmethods=2006 adapters=392
 compilation: enabled
              stopped_count=0, restarted_count=0
 full_count=0

Compilation events (20 events):
Event: 1.326 Thread 0x0000020a1978daa0 nmethod 1994 0x0000020a0ab3bb10 code [0x0000020a0ab3bca0, 0x0000020a0ab3bd58]
Event: 1.326 Thread 0x0000020a1a1df490 1996       1       org.springframework.core.annotation.AnnotationsScanner::getDeclaredAnnotations (166 bytes)
Event: 1.326 Thread 0x0000020a1a1dfb80 1997       1       java.nio.Buffer::limit (65 bytes)
Event: 1.326 Thread 0x0000020a1978daa0 1998       1       java.nio.HeapByteBuffer::get (14 bytes)
Event: 1.326 Thread 0x0000020a1a999dd0 1999       1       java.nio.Buffer::nextGetIndex (30 bytes)
Event: 1.327 Thread 0x0000020a1a999dd0 nmethod 1999 0x0000020a0ab3c110 code [0x0000020a0ab3c2a0, 0x0000020a0ab3c3c8]
Event: 1.327 Thread 0x0000020a1a1dfb80 nmethod 1997 0x0000020a0ab3c490 code [0x0000020a0ab3c620, 0x0000020a0ab3c768]
Event: 1.327 Thread 0x0000020a1978daa0 nmethod 1998 0x0000020a0ab3c810 code [0x0000020a0ab3c9c0, 0x0000020a0ab3cb48]
Event: 1.327 Thread 0x0000020a1a1df490 nmethod 1996 0x0000020a0ab3cc90 code [0x0000020a0ab3cee0, 0x0000020a0ab3d4b8]
Event: 1.328 Thread 0x0000020a1a1df490 2000       1       java.util.LinkedHashMap::<init> (10 bytes)
Event: 1.329 Thread 0x0000020a1a1df490 nmethod 2000 0x0000020a0ab3d790 code [0x0000020a0ab3d920, 0x0000020a0ab3d9f8]
Event: 1.329 Thread 0x0000020a1a1df490 2001       1       java.util.EnumSet::noneOf (63 bytes)
Event: 1.329 Thread 0x0000020a1a999dd0 2002       1       java.util.EnumSet::getUniverse (10 bytes)
Event: 1.329 Thread 0x0000020a1a1dfb80 2004       1       java.util.EnumSet::<init> (15 bytes)
Event: 1.329 Thread 0x0000020a1978daa0 2003       1       java.util.RegularEnumSet::<init> (12 bytes)
Event: 1.329 Thread 0x0000020a1a1dfb80 nmethod 2004 0x0000020a0ab3da90 code [0x0000020a0ab3dc20, 0x0000020a0ab3dd98]
Event: 1.329 Thread 0x0000020a1a999dd0 nmethod 2002 0x0000020a0ab3de10 code [0x0000020a0ab3dfc0, 0x0000020a0ab3e128]
Event: 1.329 Thread 0x0000020a1978daa0 nmethod 2003 0x0000020a0ab3e210 code [0x0000020a0ab3e3a0, 0x0000020a0ab3e518]
Event: 1.329 Thread 0x0000020a1a999dd0 2005       1       org.springframework.util.ConcurrentReferenceHashMap$SoftEntryReference::getHash (5 bytes)
Event: 1.329 Thread 0x0000020a1a999dd0 nmethod 2005 0x0000020a0ab3e590 code [0x0000020a0ab3e720, 0x0000020a0ab3e7f8]

GC Heap History (4 events):
Event: 0.780 GC heap before
{Heap before GC invocations=0 (full 0):
 garbage-first heap   total 260096K, used 20480K [0x0000000702800000, 0x0000000800000000)
  region size 2048K, 11 young (22528K), 0 survivors (0K)
 Metaspace       used 6304K, committed 6464K, reserved 1056768K
  class space    used 761K, committed 832K, reserved 1048576K
}
Event: 0.785 GC heap after
{Heap after GC invocations=1 (full 0):
 garbage-first heap   total 260096K, used 7459K [0x0000000702800000, 0x0000000800000000)
  region size 2048K, 2 young (4096K), 2 survivors (4096K)
 Metaspace       used 6304K, committed 6464K, reserved 1056768K
  class space    used 761K, committed 832K, reserved 1048576K
}
Event: 1.181 GC heap before
{Heap before GC invocations=1 (full 0):
 garbage-first heap   total 260096K, used 23843K [0x0000000702800000, 0x0000000800000000)
  region size 2048K, 11 young (22528K), 2 survivors (4096K)
 Metaspace       used 10066K, committed 10304K, reserved 1064960K
  class space    used 1367K, committed 1472K, reserved 1048576K
}
Event: 1.184 GC heap after
{Heap after GC invocations=2 (full 0):
 garbage-first heap   total 260096K, used 9255K [0x0000000702800000, 0x0000000800000000)
  region size 2048K, 1 young (2048K), 1 survivors (2048K)
 Metaspace       used 10066K, committed 10304K, reserved 1064960K
  class space    used 1367K, committed 1472K, reserved 1048576K
}

Deoptimization events (4 events):
Event: 0.732 Thread 0x0000020a02da0aa0 DEOPT PACKING pc=0x0000020a0a86d581 sp=0x0000003e82dfd910
Event: 0.732 Thread 0x0000020a02da0aa0 DEOPT UNPACKING pc=0x0000020a0a5e2b43 sp=0x0000003e82dfcd68 mode 3
Event: 1.281 Thread 0x0000020a02da0aa0 DEOPT PACKING pc=0x0000020a0ab280f9 sp=0x0000003e82dfd3d0
Event: 1.281 Thread 0x0000020a02da0aa0 DEOPT UNPACKING pc=0x0000020a0a5e2b43 sp=0x0000003e82dfc8b0 mode 3

Classes unloaded (0 events):
No events

Classes redefined (0 events):
No events

Internal exceptions (20 events):
Event: 1.074 Thread 0x0000020a02da0aa0 Exception <a 'java/lang/NoSuchMethodError'{0x0000000711bcd3f0}: 'java.lang.Object java.lang.invoke.Invokers$Holder.linkToTargetMethod(java.lang.Object, java.lang.Object, int, java.lang.Object, java.lang.Object)'> (0x0000000711bcd3f0) 
thrown [t:\workspace\open\src\hotspot\share\interpreter\linkResolver.cpp, line 766]
Event: 1.075 Thread 0x0000020a02da0aa0 Exception <a 'java/lang/NoSuchMethodError'{0x0000000711bdc4b8}: 'java.lang.Object java.lang.invoke.DirectMethodHandle$Holder.newInvokeSpecial(java.lang.Object, int, java.lang.Object)'> (0x0000000711bdc4b8) 
thrown [t:\workspace\open\src\hotspot\share\interpreter\linkResolver.cpp, line 766]
Event: 1.076 Thread 0x0000020a02da0aa0 Exception <a 'java/lang/NoSuchMethodError'{0x0000000711be0ef8}: 'int java.lang.invoke.DirectMethodHandle$Holder.invokeSpecialIFC(java.lang.Object, java.lang.Object, java.lang.Object, java.lang.Object)'> (0x0000000711be0ef8) 
thrown [t:\workspace\open\src\hotspot\share\interpreter\linkResolver.cpp, line 766]
Event: 1.094 Thread 0x0000020a02da0aa0 Exception <a 'java/lang/NoSuchMethodError'{0x000000071189ff00}: 'java.lang.Object java.lang.invoke.DirectMethodHandle$Holder.invokeInterface(java.lang.Object, java.lang.Object)'> (0x000000071189ff00) 
thrown [t:\workspace\open\src\hotspot\share\interpreter\linkResolver.cpp, line 766]
Event: 1.097 Thread 0x0000020a02da0aa0 Exception <a 'java/lang/NoSuchMethodError'{0x00000007118b0a98}: 'void java.lang.invoke.DirectMethodHandle$Holder.invokeInterface(java.lang.Object, java.lang.Object, java.lang.Object)'> (0x00000007118b0a98) 
thrown [t:\workspace\open\src\hotspot\share\interpreter\linkResolver.cpp, line 766]
Event: 1.120 Thread 0x0000020a02da0aa0 Exception <a 'java/lang/NoSuchMethodError'{0x00000007119beb88}: 'void java.lang.invoke.DirectMethodHandle$Holder.invokeStatic(java.lang.Object, java.lang.Object, int)'> (0x00000007119beb88) 
thrown [t:\workspace\open\src\hotspot\share\interpreter\linkResolver.cpp, line 766]
Event: 1.122 Thread 0x0000020a02da0aa0 Exception <a 'java/lang/NoSuchMethodError'{0x00000007119c68f8}: 'void java.lang.invoke.DirectMethodHandle$Holder.invokeStaticInit(java.lang.Object, java.lang.Object)'> (0x00000007119c68f8) 
thrown [t:\workspace\open\src\hotspot\share\interpreter\linkResolver.cpp, line 766]
Event: 1.126 Thread 0x0000020a02da0aa0 Exception <a 'java/lang/NoSuchMethodError'{0x00000007119e0588}: 'void java.lang.invoke.DirectMethodHandle$Holder.invokeStaticInit(java.lang.Object, java.lang.Object, java.lang.Object)'> (0x00000007119e0588) 
thrown [t:\workspace\open\src\hotspot\share\interpreter\linkResolver.cpp, line 766]
Event: 1.143 Thread 0x0000020a02da0aa0 Exception <a 'java/lang/NoSuchMethodError'{0x0000000711654fd0}: 'void java.lang.invoke.DirectMethodHandle$Holder.invokeVirtual(java.lang.Object, java.lang.Object, java.lang.Object, java.lang.Object)'> (0x0000000711654fd0) 
thrown [t:\workspace\open\src\hotspot\share\interpreter\linkResolver.cpp, line 766]
Event: 1.167 Thread 0x0000020a02da0aa0 Exception <a 'java/lang/NoSuchMethodError'{0x000000071143da28}: 'void java.lang.invoke.DirectMethodHandle$Holder.invokeSpecial(java.lang.Object, java.lang.Object, java.lang.Object)'> (0x000000071143da28) 
thrown [t:\workspace\open\src\hotspot\share\interpreter\linkResolver.cpp, line 766]
Event: 1.174 Thread 0x0000020a1ac2ce90 Exception <a 'java/lang/NoClassDefFoundError'{0x000000071147f5e0}: javax/validation/Validation> (0x000000071147f5e0) 
thrown [t:\workspace\open\src\hotspot\share\classfile\systemDictionary.cpp, line 245]
Event: 1.194 Thread 0x0000020a02da0aa0 Exception <a 'java/lang/NoSuchMethodError'{0x00000007124e9558}: 'java.lang.Object java.lang.invoke.DirectMethodHandle$Holder.invokeStaticInit(java.lang.Object, int)'> (0x00000007124e9558) 
thrown [t:\workspace\open\src\hotspot\share\interpreter\linkResolver.cpp, line 766]
Event: 1.196 Thread 0x0000020a1ac2ce90 Exception <a 'java/lang/NoSuchMethodError'{0x00000007125f1408}: 'java.lang.Object java.lang.invoke.DirectMethodHandle$Holder.invokeStaticInit(java.lang.Object, java.lang.Object, java.lang.Object)'> (0x00000007125f1408) 
thrown [t:\workspace\open\src\hotspot\share\interpreter\linkResolver.cpp, line 766]
Event: 1.197 Thread 0x0000020a1ac2ce90 Exception <a 'java/lang/NoSuchMethodError'{0x0000000712206180}: 'java.lang.Object java.lang.invoke.DirectMethodHandle$Holder.invokeStaticInit(java.lang.Object, java.lang.Object, java.lang.Object, java.lang.Object, java.lang.Object)'> (0x0000000712206180) 
thrown [t:\workspace\open\src\hotspot\share\interpreter\linkResolver.cpp, line 766]
Event: 1.247 Thread 0x0000020a02da0aa0 Exception <a 'java/lang/NoSuchMethodError'{0x0000000711ee4fe8}: 'org.slf4j.impl.StaticMDCBinder org.slf4j.impl.StaticMDCBinder.getSingleton()'> (0x0000000711ee4fe8) 
thrown [t:\workspace\open\src\hotspot\share\interpreter\linkResolver.cpp, line 766]
Event: 1.320 Thread 0x0000020a1ac2ce90 Exception <a 'java/lang/NoSuchMethodError'{0x0000000711795ab0}: 'long java.lang.invoke.DirectMethodHandle$Holder.invokeSpecial(java.lang.Object, java.lang.Object)'> (0x0000000711795ab0) 
thrown [t:\workspace\open\src\hotspot\share\interpreter\linkResolver.cpp, line 766]
Event: 1.323 Thread 0x0000020a1ac2ce90 Exception <a 'java/lang/NoSuchMethodError'{0x00000007117c17b8}: 'long java.lang.invoke.DirectMethodHandle$Holder.invokeStatic(java.lang.Object, java.lang.Object)'> (0x00000007117c17b8) 
thrown [t:\workspace\open\src\hotspot\share\interpreter\linkResolver.cpp, line 766]
Event: 1.323 Thread 0x0000020a1ac2ce90 Exception <a 'java/lang/NoSuchMethodError'{0x00000007117c4db8}: 'long java.lang.invoke.DirectMethodHandle$Holder.invokeStaticInit(java.lang.Object, java.lang.Object)'> (0x00000007117c4db8) 
thrown [t:\workspace\open\src\hotspot\share\interpreter\linkResolver.cpp, line 766]
Event: 1.326 Thread 0x0000020a1ac2ce90 Exception <a 'java/lang/NoSuchMethodError'{0x00000007117eb7a8}: 'long java.lang.invoke.DirectMethodHandle$Holder.invokeInterface(java.lang.Object, java.lang.Object)'> (0x00000007117eb7a8) 
thrown [t:\workspace\open\src\hotspot\share\interpreter\linkResolver.cpp, line 766]
Event: 1.326 Thread 0x0000020a1ac2ce90 Exception <a 'java/lang/IncompatibleClassChangeError'{0x00000007117eed38}: Found class java.lang.Object, but interface was expected> (0x00000007117eed38) 
thrown [t:\workspace\open\src\hotspot\share\interpreter\linkResolver.cpp, line 833]

VM Operations (20 events):
Event: 0.271 Executing VM operation: HandshakeAllThreads
Event: 0.271 Executing VM operation: HandshakeAllThreads done
Event: 0.395 Executing VM operation: HandshakeAllThreads
Event: 0.395 Executing VM operation: HandshakeAllThreads done
Event: 0.523 Executing VM operation: HandshakeAllThreads
Event: 0.523 Executing VM operation: HandshakeAllThreads done
Event: 0.682 Executing VM operation: HandshakeAllThreads
Event: 0.682 Executing VM operation: HandshakeAllThreads done
Event: 0.780 Executing VM operation: G1CollectForAllocation
Event: 0.785 Executing VM operation: G1CollectForAllocation done
Event: 0.818 Executing VM operation: HandshakeAllThreads
Event: 0.818 Executing VM operation: HandshakeAllThreads done
Event: 1.172 Executing VM operation: ICBufferFull
Event: 1.173 Executing VM operation: ICBufferFull done
Event: 1.178 Executing VM operation: HandshakeAllThreads
Event: 1.178 Executing VM operation: HandshakeAllThreads done
Event: 1.181 Executing VM operation: G1CollectForAllocation
Event: 1.184 Executing VM operation: G1CollectForAllocation done
Event: 1.328 Executing VM operation: HandshakeAllThreads
Event: 1.328 Executing VM operation: HandshakeAllThreads done

Events (20 events):
Event: 1.244 loading class java/lang/StackTraceElement$HashedModules
Event: 1.244 loading class java/lang/StackTraceElement$HashedModules done
Event: 1.251 loading class jdk/internal/reflect/UnsafeQualifiedStaticIntegerFieldAccessorImpl
Event: 1.251 loading class jdk/internal/reflect/UnsafeQualifiedStaticIntegerFieldAccessorImpl done
Event: 1.254 loading class org/xml/sax/ErrorHandler
Event: 1.254 loading class org/xml/sax/ErrorHandler done
Event: 1.271 loading class java/lang/annotation/Repeatable
Event: 1.271 loading class java/lang/annotation/Repeatable done
Event: 1.306 loading class java/beans/Introspector
Event: 1.307 loading class java/beans/Introspector done
Event: 1.308 loading class java/beans/EventSetDescriptor
Event: 1.308 loading class java/beans/FeatureDescriptor
Event: 1.308 loading class java/beans/FeatureDescriptor done
Event: 1.308 loading class java/beans/EventSetDescriptor done
Event: 1.308 loading class java/beans/Introspector$1
Event: 1.308 loading class jdk/internal/access/JavaBeansAccess
Event: 1.308 loading class jdk/internal/access/JavaBeansAccess done
Event: 1.308 loading class java/beans/Introspector$1 done
Event: 1.311 loading class java/util/regex/Pattern$BnM
Event: 1.311 loading class java/util/regex/Pattern$BnM done


Dynamic libraries:
0x00007ff776f10000 - 0x00007ff776f1e000 	C:\Users\ushma\.jdks\openjdk-17.0.1\bin\java.exe
0x00007ffcf65e0000 - 0x00007ffcf67e7000 	C:\WINDOWS\SYSTEM32\ntdll.dll
0x00007ffcf4d30000 - 0x00007ffcf4ded000 	C:\WINDOWS\System32\KERNEL32.DLL
0x00007ffcf4100000 - 0x00007ffcf4474000 	C:\WINDOWS\System32\KERNELBASE.dll
0x00007ffcf3da0000 - 0x00007ffcf3eb1000 	C:\WINDOWS\System32\ucrtbase.dll
0x00007ffce73c0000 - 0x00007ffce73d8000 	C:\Users\ushma\.jdks\openjdk-17.0.1\bin\jli.dll
0x00007ffcdaa40000 - 0x00007ffcdaa5a000 	C:\Users\ushma\.jdks\openjdk-17.0.1\bin\VCRUNTIME140.dll
0x00007ffcf4770000 - 0x00007ffcf491c000 	C:\WINDOWS\System32\USER32.dll
0x00007ffcdcc70000 - 0x00007ffcdcf15000 	C:\WINDOWS\WinSxS\amd64_microsoft.windows.common-controls_6595b64144ccf1df_6.0.22000.120_none_9d947278b86cc467\COMCTL32.dll
0x00007ffcf3f30000 - 0x00007ffcf3f56000 	C:\WINDOWS\System32\win32u.dll
0x00007ffcf4920000 - 0x00007ffcf49c3000 	C:\WINDOWS\System32\msvcrt.dll
0x00007ffcf4a40000 - 0x00007ffcf4a69000 	C:\WINDOWS\System32\GDI32.dll
0x00007ffcf3f60000 - 0x00007ffcf4072000 	C:\WINDOWS\System32\gdi32full.dll
0x00007ffcf3d00000 - 0x00007ffcf3d9d000 	C:\WINDOWS\System32\msvcp_win.dll
0x00007ffcf50b0000 - 0x00007ffcf50e1000 	C:\WINDOWS\System32\IMM32.DLL
0x00007ffceaba0000 - 0x00007ffceabac000 	C:\Users\ushma\.jdks\openjdk-17.0.1\bin\vcruntime140_1.dll
0x00007ffcca0e0000 - 0x00007ffcca16d000 	C:\Users\ushma\.jdks\openjdk-17.0.1\bin\msvcp140.dll
0x00007ffc50c80000 - 0x00007ffc5183e000 	C:\Users\ushma\.jdks\openjdk-17.0.1\bin\server\jvm.dll
0x00007ffcf50f0000 - 0x00007ffcf519e000 	C:\WINDOWS\System32\ADVAPI32.dll
0x00007ffcf45a0000 - 0x00007ffcf463e000 	C:\WINDOWS\System32\sechost.dll
0x00007ffcf4480000 - 0x00007ffcf45a0000 	C:\WINDOWS\System32\RPCRT4.dll
0x00007ffcf4640000 - 0x00007ffcf4648000 	C:\WINDOWS\System32\PSAPI.DLL
0x00007ffcd0cf0000 - 0x00007ffcd0cf9000 	C:\WINDOWS\SYSTEM32\WSOCK32.dll
0x00007ffcedc20000 - 0x00007ffcedc53000 	C:\WINDOWS\SYSTEM32\WINMM.dll
0x00007ffce4850000 - 0x00007ffce485a000 	C:\WINDOWS\SYSTEM32\VERSION.dll
0x00007ffcf4cc0000 - 0x00007ffcf4d2f000 	C:\WINDOWS\System32\WS2_32.dll
0x00007ffcf2c80000 - 0x00007ffcf2c98000 	C:\WINDOWS\SYSTEM32\kernel.appcore.dll
0x00007ffceab80000 - 0x00007ffceab8a000 	C:\Users\ushma\.jdks\openjdk-17.0.1\bin\jimage.dll
0x00007ffcee240000 - 0x00007ffcee461000 	C:\WINDOWS\SYSTEM32\DBGHELP.DLL
0x00007ffcdcba0000 - 0x00007ffcdcbd1000 	C:\WINDOWS\SYSTEM32\dbgcore.DLL
0x00007ffcf4080000 - 0x00007ffcf40ff000 	C:\WINDOWS\System32\bcryptPrimitives.dll
0x00007ffce67e0000 - 0x00007ffce67ee000 	C:\Users\ushma\.jdks\openjdk-17.0.1\bin\instrument.dll
0x00007ffcd6650000 - 0x00007ffcd6675000 	C:\Users\ushma\.jdks\openjdk-17.0.1\bin\java.dll
0x00007ffc9b3d0000 - 0x00007ffc9b4a6000 	C:\Users\ushma\.jdks\openjdk-17.0.1\bin\svml.dll
0x00007ffcf57f0000 - 0x00007ffcf5f9e000 	C:\WINDOWS\System32\SHELL32.dll
0x00007ffcf1ab0000 - 0x00007ffcf2317000 	C:\WINDOWS\SYSTEM32\windows.storage.dll
0x00007ffcf6220000 - 0x00007ffcf6598000 	C:\WINDOWS\System32\combase.dll
0x00007ffcf1940000 - 0x00007ffcf1aa6000 	C:\WINDOWS\SYSTEM32\wintypes.dll
0x00007ffcf51a0000 - 0x00007ffcf528a000 	C:\WINDOWS\System32\SHCORE.dll
0x00007ffcf52a0000 - 0x00007ffcf52fd000 	C:\WINDOWS\System32\shlwapi.dll
0x00007ffcf3a00000 - 0x00007ffcf3a21000 	C:\WINDOWS\SYSTEM32\profapi.dll
0x00007ffcd1170000 - 0x00007ffcd1188000 	C:\Users\ushma\.jdks\openjdk-17.0.1\bin\zip.dll
0x00007ffcd6600000 - 0x00007ffcd6619000 	C:\Users\ushma\.jdks\openjdk-17.0.1\bin\net.dll
0x00007ffcec560000 - 0x00007ffcec66c000 	C:\WINDOWS\SYSTEM32\WINHTTP.dll
0x00007ffcf30a0000 - 0x00007ffcf3107000 	C:\WINDOWS\system32\mswsock.dll
0x00007ffcd4860000 - 0x00007ffcd4875000 	C:\Users\ushma\.jdks\openjdk-17.0.1\bin\nio.dll
0x00007ffccba20000 - 0x00007ffccba3a000 	C:\Program Files\JetBrains\IntelliJ IDEA 2020.3.3\bin\breakgen64.dll
0x00007ffcf27e0000 - 0x00007ffcf28c7000 	C:\WINDOWS\SYSTEM32\DNSAPI.dll
0x00007ffcf27b0000 - 0x00007ffcf27dd000 	C:\WINDOWS\SYSTEM32\IPHLPAPI.DLL
0x00007ffcf4af0000 - 0x00007ffcf4af9000 	C:\WINDOWS\System32\NSI.dll
0x00007ffce2c90000 - 0x00007ffce2c9a000 	C:\Windows\System32\rasadhlp.dll
0x00007ffce55b0000 - 0x00007ffce5631000 	C:\WINDOWS\System32\fwpuclnt.dll
0x00007ffce67a0000 - 0x00007ffce67a9000 	C:\Users\ushma\.jdks\openjdk-17.0.1\bin\management.dll
0x00007ffce6740000 - 0x00007ffce674b000 	C:\Users\ushma\.jdks\openjdk-17.0.1\bin\management_ext.dll
0x00007ffcf3370000 - 0x00007ffcf3388000 	C:\WINDOWS\SYSTEM32\CRYPTSP.dll
0x00007ffcf2be0000 - 0x00007ffcf2c15000 	C:\WINDOWS\system32\rsaenh.dll
0x00007ffcf3140000 - 0x00007ffcf3169000 	C:\WINDOWS\SYSTEM32\USERENV.dll
0x00007ffcf34b0000 - 0x00007ffcf34d7000 	C:\WINDOWS\SYSTEM32\bcrypt.dll
0x00007ffcf3290000 - 0x00007ffcf329c000 	C:\WINDOWS\SYSTEM32\CRYPTBASE.dll
0x00007ffce76c0000 - 0x00007ffce76d9000 	C:\WINDOWS\SYSTEM32\dhcpcsvc6.DLL
0x00007ffce7a00000 - 0x00007ffce7a1e000 	C:\WINDOWS\SYSTEM32\dhcpcsvc.DLL
0x00007ffcc5bf0000 - 0x00007ffcc5c07000 	C:\WINDOWS\system32\napinsp.dll
0x00007ffcc57a0000 - 0x00007ffcc57bb000 	C:\WINDOWS\system32\pnrpnsp.dll
0x00007ffcc5780000 - 0x00007ffcc5792000 	C:\WINDOWS\System32\winrnr.dll
0x00007ffce7670000 - 0x00007ffce7685000 	C:\WINDOWS\system32\wshbth.dll
0x00007ffcc5760000 - 0x00007ffcc577f000 	C:\WINDOWS\system32\nlansp_c.dll

dbghelp: loaded successfully - version: 4.0.5 - missing functions: none
symbol engine: initialized successfully - sym options: 0x614 - pdb path: .;C:\Users\ushma\.jdks\openjdk-17.0.1\bin;C:\WINDOWS\SYSTEM32;C:\WINDOWS\WinSxS\amd64_microsoft.windows.common-controls_6595b64144ccf1df_6.0.22000.120_none_9d947278b86cc467;C:\Users\ushma\.jdks\openjdk-17.0.1\bin\server;C:\Program Files\JetBrains\IntelliJ IDEA 2020.3.3\bin

VM Arguments:
jvm_args: -XX:TieredStopAtLevel=1 -Xverify:none -Dspring.output.ansi.enabled=always -javaagent:C:\Program Files\JetBrains\IntelliJ IDEA 2020.3.3\lib\idea_rt.jar=56069:C:\Program Files\JetBrains\IntelliJ IDEA 2020.3.3\bin -Dcom.sun.management.jmxremote -Dspring.jmx.enabled=true -Dspring.liveBeansView.mbeanDomain -Dspring.application.admin.enabled=true -Dfile.encoding=UTF-8 
java_command: com.ushwamala.customer.CustomerApplication
java_class_path (initial): D:\PERSONAL\Projects\learning\amigos-code\amigosservice\customer\target\classes;C:\Users\ushma\.m2\repository\org\springframework\boot\spring-boot-starter-web\2.5.7\spring-boot-starter-web-2.5.7.jar;C:\Users\ushma\.m2\repository\org\springframework\boot\spring-boot-starter\2.5.7\spring-boot-starter-2.5.7.jar;C:\Users\ushma\.m2\repository\org\springframework\boot\spring-boot\2.5.7\spring-boot-2.5.7.jar;C:\Users\ushma\.m2\repository\org\springframework\boot\spring-boot-autoconfigure\2.5.7\spring-boot-autoconfigure-2.5.7.jar;C:\Users\ushma\.m2\repository\org\springframework\boot\spring-boot-starter-logging\2.5.7\spring-boot-starter-logging-2.5.7.jar;C:\Users\ushma\.m2\repository\ch\qos\logback\logback-classic\1.2.7\logback-classic-1.2.7.jar;C:\Users\ushma\.m2\repository\ch\qos\logback\logback-core\1.2.7\logback-core-1.2.7.jar;C:\Users\ushma\.m2\repository\org\apache\logging\log4j\log4j-to-slf4j\2.14.1\log4j-to-slf4j-2.14.1.jar;C:\Users\ushma\.m2\repository\org\apache\logging\log4j\log4j-api\2.14.1\log4j-api-2.14.1.jar;C:\Users\ushma\.m2\repository\org\slf4j\jul-to-slf4j\1.7.32\jul-to-slf4j-1.7.32.jar;C:\Users\ushma\.m2\repository\jakarta\annotation\jakarta.annotation-api\1.3.5\jakarta.annotation-api-1.3.5.jar;C:\Users\ushma\.m2\repository\org\yaml\snakeyaml\1.28\snakeyaml-1.28.jar;C:\Users\ushma\.m2\repository\org\springframework\boot\spring-boot-starter-json\2.5.7\spring-boot-starter-json-2.5.7.jar;C:\Users\ushma\.m2\repository\com\fasterxml\jackson\core\jackson-databind\2.12.5\jackson-databind-2.12.5.jar;C:\Users\ushma\.m2\repository\com\fasterxml\jackson\core\jackson-annotations\2.12.5\jackson-annotations-2.12.5.jar;C:\Users\ushma\.m2\repository\com\fasterxml\jackson\core\jackson-core\2.12.5\jackson-core-2.12.5.jar;C:\Users\ushma\.m2\repository\com\fasterxml\jackson\datatype\jackson-datatype-jdk8\2.12.5\jackson-datatype-jdk8-2.12.5.jar;C:\Users\ushma\.m2\repository\com\fasterxml\jackson\datatype\jackson-datatype-jsr310\2.12.5\jackson-dat
Launcher Type: SUN_STANDARD

[Global flags]
     intx CICompilerCount                          = 4                                         {product} {ergonomic}
     uint ConcGCThreads                            = 2                                         {product} {ergonomic}
     uint G1ConcRefinementThreads                  = 8                                         {product} {ergonomic}
   size_t G1HeapRegionSize                         = 2097152                                   {product} {ergonomic}
    uintx GCDrainStackTargetSize                   = 64                                        {product} {ergonomic}
   size_t InitialHeapSize                          = 266338304                                 {product} {ergonomic}
     bool ManagementServer                         = true                                      {product} {command line}
   size_t MarkStackSize                            = 4194304                                   {product} {ergonomic}
   size_t MaxHeapSize                              = 4253024256                                {product} {ergonomic}
   size_t MaxNewSize                               = 2550136832                                {product} {ergonomic}
   size_t MinHeapDeltaBytes                        = 2097152                                   {product} {ergonomic}
   size_t MinHeapSize                              = 8388608                                   {product} {ergonomic}
    uintx NonProfiledCodeHeapSize                  = 0                                      {pd product} {ergonomic}
     bool ProfileInterpreter                       = false                                  {pd product} {command line}
    uintx ProfiledCodeHeapSize                     = 0                                      {pd product} {ergonomic}
   size_t SoftMaxHeapSize                          = 4253024256                             {manageable} {ergonomic}
     intx TieredStopAtLevel                        = 1                                         {product} {command line}
     bool UseCompressedClassPointers               = true                           {product lp64_product} {ergonomic}
     bool UseCompressedOops                        = true                           {product lp64_product} {ergonomic}
     bool UseG1GC                                  = true                                      {product} {ergonomic}
     bool UseLargePagesIndividualAllocation        = false                                  {pd product} {ergonomic}

Logging:
Log output configuration:
 #0: stdout all=warning uptime,level,tags
 #1: stderr all=off uptime,level,tags

Environment Variables:
JAVA_HOME=C:\Program Files\Java\jdk-11.0.10
PATH=C:\Users\ushma\AppData\Local\Temp\Temp1_WINDOWS.X64_193000_db_home.zip\bin;C:\Program Files\Common Files\Oracle\Java\javapath;C:\Program Files (x86)\Common Files\Oracle\Java\javapath;C:\Windows\system32;C:\Windows;C:\Windows\System32\Wbem;C:\Windows\System32\WindowsPowerShell\v1.0\;C:\Windows\System32\OpenSSH\;C:\Program Files (x86)\NVIDIA Corporation\PhysX\Common;C:\Program Files\NVIDIA Corporation\NVIDIA NvDLISR;C:\Program Files\nodejs;C:\Program Files\Java\jdk-11.0.10\bin;C:\Program Files\apache-maven-3.6.3\bin;C:\Program Files\Git\cmd;C:\Program Files (x86)\dotnet\;C:\Users\ushma\AppData\Roaming\npm;C:\WINDOWS\system32;C:\WINDOWS;C:\WINDOWS\System32\Wbem;C:\WINDOWS\System32\WindowsPowerShell\v1.0\;C:\WINDOWS\System32\OpenSSH\;C:\MinGW\bin;C:\Program Files\OpenSSL-Win64\bin;C:\Program Files\Amazon\AWSCLIV2\;C:\Program Files\Docker\Docker\resources\bin;C:\ProgramData\DockerDesktop\version-bin;C:\Program Files\nodejs\;C:\Program Files\MySQL\MySQL Shell 8.0\bin\;C:\Users\ushma\AppData\Local\Microsoft\WindowsApps;C:\Program Files\Java\jdk1.8.0_271\bin;C:\Program Files\JetBrains\IntelliJ IDEA Community Edition 2020.3.1\bin;;C:\Users\ushma\AppData\Local\Programs\Microsoft VS Code\bin;C:\Program Files\nodejs;C:\Program Files\sfdx\bin;C:\Program Files\heroku\bin;C:\Users\ushma\AppData\Roaming\npm
USERNAME=ushma
OS=Windows_NT
PROCESSOR_IDENTIFIER=Intel64 Family 6 Model 142 Stepping 12, GenuineIntel



---------------  S Y S T E M  ---------------

OS:
 Windows 10 , 64 bit Build 22000 (10.0.22000.434)
OS uptime: 14 days 5:05 hours
Hyper-V role detected

CPU: total 8 (initial active 8) (4 cores per cpu, 2 threads per core) family 6 model 142 stepping 12 microcode 0xde, cx8, cmov, fxsr, ht, mmx, 3dnowpref, sse, sse2, sse3, ssse3, sse4.1, sse4.2, popcnt, lzcnt, tsc, tscinvbit, avx, avx2, aes, erms, clmul, bmi1, bmi2, adx, fma, vzeroupper, clflush, clflushopt, hv

Memory: 4k page, system-wide physical 16219M (1960M free)
TotalPageFile size 26459M (AvailPageFile size 0M)
current process WorkingSet (physical memory assigned to process): 95M, peak: 95M
current process commit charge ("private bytes"): 366M, peak: 366M

vm_info: OpenJDK 64-Bit Server VM (17.0.1+12-39) for windows-amd64 JRE (17.0.1+12-39), built on Sep 27 2021 18:39:29 by "mach5one" with MS VC++ 16.8 (VS2019)

END.
